<?xml version='1.0' encoding='UTF-8'?>
<testsuite hostname="tianxinwangdeMacBook-Pro.local" name="TypeCheckerTestSuite" tests="8" errors="0" failures="0" skipped="0" time="0.164" timestamp="2026-04-01T00:28:51">
          <properties>
[...]
</properties>
          <testcase classname="TypeCheckerTestSuite" name="expressions" time="0.009">
                      
                    </testcase><testcase classname="TypeCheckerTestSuite" name="udf" time="0.003">
                      
                    </testcase><testcase classname="TypeCheckerTestSuite" name="queries" time="0.016">
                      
                    </testcase><testcase classname="TypeCheckerTestSuite" name="modification queries" time="0.002">
                      
                    </testcase><testcase classname="TypeCheckerTestSuite" name="simple program" time="0.037">
                      
                    </testcase><testcase classname="TypeCheckerTestSuite" name="fintime benchmark" time="0.086">
                      
                    </testcase><testcase classname="TypeCheckerTestSuite" name="monetbd benchmark" time="0.004">
                      
                    </testcase><testcase classname="TypeCheckerTestSuite" name="pandas benchmark" time="0.007">
                      
                    </testcase>
          <system-out><![CDATA[]]></system-out>
          <system-err><![CDATA[]]></system-err>
        </testsuite>